
*** Running vivado
    with args -log Top.vds -m64 -product Vivado -mode batch -messageDb vivado.pb -notrace -source Top.tcl

WARNING: Default location for XILINX_HLS not found

****** Vivado v2023.1 (64-bit)
  **** SW Build 3865809 on Sun May  7 15:04:56 MDT 2023
  **** IP Build 3864474 on Sun May  7 20:36:21 MDT 2023
  **** SharedData Build 3865790 on Sun May 07 13:33:03 MDT 2023
    ** Copyright 1986-2022 Xilinx, Inc. All Rights Reserved.
    ** Copyright 2022-2023 Advanced Micro Devices, Inc. All Rights Reserved.

source Top.tcl -notrace
create_project: Time (s): cpu = 00:00:09 ; elapsed = 00:00:09 . Memory (MB): peak = 1346.688 ; gain = 0.023 ; free physical = 1670 ; free virtual = 1926
Command: read_checkpoint -auto_incremental -incremental /home/ubuntu/labs/GuessNum/GuessNum.srcs/utils_1/imports/synth_1/Top.dcp
INFO: [Vivado 12-5825] Read reference checkpoint from /home/ubuntu/labs/GuessNum/GuessNum.srcs/utils_1/imports/synth_1/Top.dcp for incremental synthesis
INFO: [Vivado 12-7989] Please ensure there are no constraint changes
Command: synth_design -top Top -part xc7a100tcsg324-1
Starting synth_design
Attempting to get a license for feature 'Synthesis' and/or device 'xc7a100t'
INFO: [Common 17-349] Got license for feature 'Synthesis' and/or device 'xc7a100t'
INFO: [Device 21-403] Loading part xc7a100tcsg324-1
INFO: [Designutils 20-5440] No compile time benefit to using incremental synthesis; A full resynthesis will be run
INFO: [Designutils 20-4379] Flow is switching to default flow due to incremental criteria not met. If you would like to alter this behaviour and have the flow terminate instead, please set the following parameter config_implementation {autoIncr.Synth.RejectBehavior Terminate}
INFO: [Synth 8-7079] Multithreading enabled for synth_design using a maximum of 4 processes.
INFO: [Synth 8-7078] Launching helper process for spawning children vivado processes
INFO: [Synth 8-7075] Helper process launched with PID 8404
---------------------------------------------------------------------------------
Starting RTL Elaboration : Time (s): cpu = 00:00:06 ; elapsed = 00:00:07 . Memory (MB): peak = 2008.621 ; gain = 377.770 ; free physical = 749 ; free virtual = 1005
---------------------------------------------------------------------------------
INFO: [Synth 8-6157] synthesizing module 'Top' [/home/ubuntu/labs/GuessNum/GuessNum.srcs/sources_1/new/top.v:1]
INFO: [Synth 8-6157] synthesizing module 'Input' [/home/ubuntu/labs/GuessNum/GuessNum.srcs/sources_1/new/sw_input.v:1]
INFO: [Synth 8-6155] done synthesizing module 'Input' (0#1) [/home/ubuntu/labs/GuessNum/GuessNum.srcs/sources_1/new/sw_input.v:1]
INFO: [Synth 8-6157] synthesizing module 'ShiftReg' [/home/ubuntu/labs/GuessNum/GuessNum.srcs/sources_1/new/shift_reg.v:1]
INFO: [Synth 8-6155] done synthesizing module 'ShiftReg' (0#1) [/home/ubuntu/labs/GuessNum/GuessNum.srcs/sources_1/new/shift_reg.v:1]
INFO: [Synth 8-6157] synthesizing module 'Check' [/home/ubuntu/labs/GuessNum/GuessNum.srcs/sources_1/new/check.v:1]
INFO: [Synth 8-6155] done synthesizing module 'Check' (0#1) [/home/ubuntu/labs/GuessNum/GuessNum.srcs/sources_1/new/check.v:1]
INFO: [Synth 8-6157] synthesizing module 'Timer' [/home/ubuntu/labs/GuessNum/GuessNum.srcs/sources_1/new/timer.v:1]
INFO: [Synth 8-6157] synthesizing module 'Clock' [/home/ubuntu/labs/GuessNum/GuessNum.srcs/sources_1/new/clock.v:1]
	Parameter WIDTH bound to: 8 - type: integer 
	Parameter MIN_VALUE bound to: 0 - type: integer 
	Parameter MAX_VALUE bound to: 59 - type: integer 
	Parameter SET_VALUE bound to: 1 - type: integer 
INFO: [Synth 8-6155] done synthesizing module 'Clock' (0#1) [/home/ubuntu/labs/GuessNum/GuessNum.srcs/sources_1/new/clock.v:1]
INFO: [Synth 8-6157] synthesizing module 'Clock__parameterized0' [/home/ubuntu/labs/GuessNum/GuessNum.srcs/sources_1/new/clock.v:1]
	Parameter WIDTH bound to: 8 - type: integer 
	Parameter MIN_VALUE bound to: 0 - type: integer 
	Parameter MAX_VALUE bound to: 59 - type: integer 
	Parameter SET_VALUE bound to: 0 - type: integer 
INFO: [Synth 8-6155] done synthesizing module 'Clock__parameterized0' (0#1) [/home/ubuntu/labs/GuessNum/GuessNum.srcs/sources_1/new/clock.v:1]
INFO: [Synth 8-6157] synthesizing module 'Clock__parameterized1' [/home/ubuntu/labs/GuessNum/GuessNum.srcs/sources_1/new/clock.v:1]
	Parameter WIDTH bound to: 12 - type: integer 
	Parameter MIN_VALUE bound to: 0 - type: integer 
	Parameter MAX_VALUE bound to: 999 - type: integer 
	Parameter SET_VALUE bound to: 0 - type: integer 
INFO: [Synth 8-6155] done synthesizing module 'Clock__parameterized1' (0#1) [/home/ubuntu/labs/GuessNum/GuessNum.srcs/sources_1/new/clock.v:1]
INFO: [Synth 8-6155] done synthesizing module 'Timer' (0#1) [/home/ubuntu/labs/GuessNum/GuessNum.srcs/sources_1/new/timer.v:1]
INFO: [Synth 8-6157] synthesizing module 'Control' [/home/ubuntu/labs/GuessNum/GuessNum.srcs/sources_1/new/control.v:1]
INFO: [Synth 8-155] case statement is not full and has no default [/home/ubuntu/labs/GuessNum/GuessNum.srcs/sources_1/new/control.v:30]
INFO: [Synth 8-6155] done synthesizing module 'Control' (0#1) [/home/ubuntu/labs/GuessNum/GuessNum.srcs/sources_1/new/control.v:1]
INFO: [Synth 8-6157] synthesizing module 'FLOW_LED' [/home/ubuntu/labs/GuessNum/GuessNum.srcs/sources_1/new/led.v:1]
INFO: [Synth 8-6155] done synthesizing module 'FLOW_LED' (0#1) [/home/ubuntu/labs/GuessNum/GuessNum.srcs/sources_1/new/led.v:1]
INFO: [Synth 8-6157] synthesizing module 'MUX4' [/home/ubuntu/labs/GuessNum/GuessNum.srcs/sources_1/new/mux4.v:1]
	Parameter WIDTH bound to: 8 - type: integer 
INFO: [Synth 8-6155] done synthesizing module 'MUX4' (0#1) [/home/ubuntu/labs/GuessNum/GuessNum.srcs/sources_1/new/mux4.v:1]
INFO: [Synth 8-6157] synthesizing module 'MUX4__parameterized0' [/home/ubuntu/labs/GuessNum/GuessNum.srcs/sources_1/new/mux4.v:1]
INFO: [Synth 8-6155] done synthesizing module 'MUX4__parameterized0' (0#1) [/home/ubuntu/labs/GuessNum/GuessNum.srcs/sources_1/new/mux4.v:1]
INFO: [Synth 8-6157] synthesizing module 'Segment' [/home/ubuntu/labs/GuessNum/GuessNum.srcs/sources_1/new/segment.v:2]
INFO: [Synth 8-6155] done synthesizing module 'Segment' (0#1) [/home/ubuntu/labs/GuessNum/GuessNum.srcs/sources_1/new/segment.v:2]
INFO: [Synth 8-6157] synthesizing module 'EdgeCapture' [/home/ubuntu/labs/GuessNum/GuessNum.srcs/sources_1/new/edge_capture.v:1]
INFO: [Synth 8-6155] done synthesizing module 'EdgeCapture' (0#1) [/home/ubuntu/labs/GuessNum/GuessNum.srcs/sources_1/new/edge_capture.v:1]
INFO: [Synth 8-6155] done synthesizing module 'Top' (0#1) [/home/ubuntu/labs/GuessNum/GuessNum.srcs/sources_1/new/top.v:1]
WARNING: [Synth 8-6014] Unused sequential element current_state_reg was removed.  [/home/ubuntu/labs/GuessNum/GuessNum.srcs/sources_1/new/timer.v:18]
WARNING: [Synth 8-7129] Port en in module Timer is either unconnected or has no load
WARNING: [Synth 8-7129] Port sw[6] in module Top is either unconnected or has no load
---------------------------------------------------------------------------------
Finished RTL Elaboration : Time (s): cpu = 00:00:08 ; elapsed = 00:00:09 . Memory (MB): peak = 2076.559 ; gain = 445.707 ; free physical = 661 ; free virtual = 918
---------------------------------------------------------------------------------
---------------------------------------------------------------------------------
Start Handling Custom Attributes
---------------------------------------------------------------------------------
---------------------------------------------------------------------------------
Finished Handling Custom Attributes : Time (s): cpu = 00:00:08 ; elapsed = 00:00:09 . Memory (MB): peak = 2091.402 ; gain = 460.551 ; free physical = 657 ; free virtual = 914
---------------------------------------------------------------------------------
---------------------------------------------------------------------------------
Finished RTL Optimization Phase 1 : Time (s): cpu = 00:00:08 ; elapsed = 00:00:09 . Memory (MB): peak = 2091.402 ; gain = 460.551 ; free physical = 657 ; free virtual = 914
---------------------------------------------------------------------------------
Netlist sorting complete. Time (s): cpu = 00:00:00.01 ; elapsed = 00:00:00.01 . Memory (MB): peak = 2091.402 ; gain = 0.000 ; free physical = 657 ; free virtual = 914
INFO: [Project 1-570] Preparing netlist for logic optimization

Processing XDC Constraints
Initializing timing engine
Parsing XDC File [/home/ubuntu/labs/GuessNum/GuessNum.srcs/constrs_1/new/guess_num.xdc]
Finished Parsing XDC File [/home/ubuntu/labs/GuessNum/GuessNum.srcs/constrs_1/new/guess_num.xdc]
INFO: [Project 1-236] Implementation specific constraints were found while reading constraint file [/home/ubuntu/labs/GuessNum/GuessNum.srcs/constrs_1/new/guess_num.xdc]. These constraints will be ignored for synthesis but will be used in implementation. Impacted constraints are listed in the file [.Xil/Top_propImpl.xdc].
Resolution: To avoid this warning, move constraints listed in [.Xil/Top_propImpl.xdc] to another XDC file and exclude this new file from synthesis with the used_in_synthesis property (File Properties dialog in GUI) and re-run elaboration/synthesis.
Completed Processing XDC Constraints

Netlist sorting complete. Time (s): cpu = 00:00:00 ; elapsed = 00:00:00 . Memory (MB): peak = 2242.152 ; gain = 0.000 ; free physical = 647 ; free virtual = 904
INFO: [Project 1-111] Unisim Transformation Summary:
No Unisim elements were transformed.

Constraint Validation Runtime : Time (s): cpu = 00:00:00 ; elapsed = 00:00:00 . Memory (MB): peak = 2242.152 ; gain = 0.000 ; free physical = 647 ; free virtual = 904
INFO: [Designutils 20-5440] No compile time benefit to using incremental synthesis; A full resynthesis will be run
INFO: [Designutils 20-4379] Flow is switching to default flow due to incremental criteria not met. If you would like to alter this behaviour and have the flow terminate instead, please set the following parameter config_implementation {autoIncr.Synth.RejectBehavior Terminate}
---------------------------------------------------------------------------------
Finished Constraint Validation : Time (s): cpu = 00:00:17 ; elapsed = 00:00:19 . Memory (MB): peak = 2242.152 ; gain = 611.301 ; free physical = 648 ; free virtual = 905
---------------------------------------------------------------------------------
---------------------------------------------------------------------------------
Start Loading Part and Timing Information
---------------------------------------------------------------------------------
Loading part: xc7a100tcsg324-1
---------------------------------------------------------------------------------
Finished Loading Part and Timing Information : Time (s): cpu = 00:00:17 ; elapsed = 00:00:19 . Memory (MB): peak = 2242.152 ; gain = 611.301 ; free physical = 648 ; free virtual = 905
---------------------------------------------------------------------------------
---------------------------------------------------------------------------------
Start Applying 'set_property' XDC Constraints
---------------------------------------------------------------------------------
---------------------------------------------------------------------------------
Finished applying 'set_property' XDC Constraints : Time (s): cpu = 00:00:17 ; elapsed = 00:00:19 . Memory (MB): peak = 2242.152 ; gain = 611.301 ; free physical = 648 ; free virtual = 905
---------------------------------------------------------------------------------
INFO: [Synth 8-802] inferred FSM for state register 'current_state_reg' in module 'Control'
---------------------------------------------------------------------------------------------------
                   State |                     New Encoding |                Previous Encoding 
---------------------------------------------------------------------------------------------------
                    INIT |                            00010 |                              000
                   GUESS |                            00100 |                              001
                   CHECK |                            10000 |                              010
                 SUCCESS |                            01000 |                              011
                    FAIL |                            00001 |                              100
---------------------------------------------------------------------------------------------------
INFO: [Synth 8-3354] encoded FSM with state register 'current_state_reg' using encoding 'one-hot' in module 'Control'
---------------------------------------------------------------------------------
Finished RTL Optimization Phase 2 : Time (s): cpu = 00:00:18 ; elapsed = 00:00:20 . Memory (MB): peak = 2242.152 ; gain = 611.301 ; free physical = 647 ; free virtual = 905
---------------------------------------------------------------------------------
---------------------------------------------------------------------------------
Start RTL Component Statistics 
---------------------------------------------------------------------------------
Detailed RTL Component Info : 
+---Adders : 
	   2 Input   12 Bit       Adders := 1     
	   2 Input    8 Bit       Adders := 2     
	   2 Input    3 Bit       Adders := 1     
	   6 Input    2 Bit       Adders := 1     
	   3 Input    2 Bit       Adders := 1     
+---Registers : 
	               12 Bit    Registers := 4     
	                8 Bit    Registers := 3     
	                6 Bit    Registers := 3     
	                4 Bit    Registers := 1     
	                3 Bit    Registers := 1     
	                1 Bit    Registers := 3     
+---Muxes : 
	   2 Input   32 Bit        Muxes := 3     
	   2 Input   12 Bit        Muxes := 1     
	   3 Input    8 Bit        Muxes := 1     
	   2 Input    8 Bit        Muxes := 5     
	   5 Input    5 Bit        Muxes := 1     
	   2 Input    5 Bit        Muxes := 10    
	   5 Input    3 Bit        Muxes := 1     
	   4 Input    2 Bit        Muxes := 2     
	   2 Input    1 Bit        Muxes := 5     
	   5 Input    1 Bit        Muxes := 1     
---------------------------------------------------------------------------------
Finished RTL Component Statistics 
---------------------------------------------------------------------------------
---------------------------------------------------------------------------------
Start Part Resource Summary
---------------------------------------------------------------------------------
Part Resources:
DSPs: 240 (col length:80)
BRAMs: 270 (col length: RAMB18 80 RAMB36 40)
---------------------------------------------------------------------------------
Finished Part Resource Summary
---------------------------------------------------------------------------------
---------------------------------------------------------------------------------
Start Cross Boundary and Area Optimization
---------------------------------------------------------------------------------
WARNING: [Synth 8-7080] Parallel synthesis criteria is not met
WARNING: [Synth 8-7129] Port sw[6] in module Top is either unconnected or has no load
---------------------------------------------------------------------------------
Finished Cross Boundary and Area Optimization : Time (s): cpu = 00:00:24 ; elapsed = 00:00:26 . Memory (MB): peak = 2242.152 ; gain = 611.301 ; free physical = 632 ; free virtual = 893
---------------------------------------------------------------------------------
---------------------------------------------------------------------------------
Start Applying XDC Timing Constraints
---------------------------------------------------------------------------------
---------------------------------------------------------------------------------
Finished Applying XDC Timing Constraints : Time (s): cpu = 00:00:30 ; elapsed = 00:00:33 . Memory (MB): peak = 2242.152 ; gain = 611.301 ; free physical = 631 ; free virtual = 893
---------------------------------------------------------------------------------
---------------------------------------------------------------------------------
Start Timing Optimization
---------------------------------------------------------------------------------
---------------------------------------------------------------------------------
Finished Timing Optimization : Time (s): cpu = 00:00:30 ; elapsed = 00:00:33 . Memory (MB): peak = 2242.152 ; gain = 611.301 ; free physical = 631 ; free virtual = 893
---------------------------------------------------------------------------------
---------------------------------------------------------------------------------
Start Technology Mapping
---------------------------------------------------------------------------------
---------------------------------------------------------------------------------
Finished Technology Mapping : Time (s): cpu = 00:00:30 ; elapsed = 00:00:33 . Memory (MB): peak = 2242.152 ; gain = 611.301 ; free physical = 632 ; free virtual = 893
---------------------------------------------------------------------------------
---------------------------------------------------------------------------------
Start IO Insertion
---------------------------------------------------------------------------------
---------------------------------------------------------------------------------
Start Flattening Before IO Insertion
---------------------------------------------------------------------------------
---------------------------------------------------------------------------------
Finished Flattening Before IO Insertion
---------------------------------------------------------------------------------
---------------------------------------------------------------------------------
Start Final Netlist Cleanup
---------------------------------------------------------------------------------
---------------------------------------------------------------------------------
Finished Final Netlist Cleanup
---------------------------------------------------------------------------------
---------------------------------------------------------------------------------
Finished IO Insertion : Time (s): cpu = 00:00:36 ; elapsed = 00:00:39 . Memory (MB): peak = 2242.152 ; gain = 611.301 ; free physical = 631 ; free virtual = 893
---------------------------------------------------------------------------------
---------------------------------------------------------------------------------
Start Renaming Generated Instances
---------------------------------------------------------------------------------
---------------------------------------------------------------------------------
Finished Renaming Generated Instances : Time (s): cpu = 00:00:36 ; elapsed = 00:00:39 . Memory (MB): peak = 2242.152 ; gain = 611.301 ; free physical = 631 ; free virtual = 893
---------------------------------------------------------------------------------
---------------------------------------------------------------------------------
Start Rebuilding User Hierarchy
---------------------------------------------------------------------------------
---------------------------------------------------------------------------------
Finished Rebuilding User Hierarchy : Time (s): cpu = 00:00:36 ; elapsed = 00:00:39 . Memory (MB): peak = 2242.152 ; gain = 611.301 ; free physical = 631 ; free virtual = 893
---------------------------------------------------------------------------------
---------------------------------------------------------------------------------
Start Renaming Generated Ports
---------------------------------------------------------------------------------
---------------------------------------------------------------------------------
Finished Renaming Generated Ports : Time (s): cpu = 00:00:36 ; elapsed = 00:00:39 . Memory (MB): peak = 2242.152 ; gain = 611.301 ; free physical = 631 ; free virtual = 893
---------------------------------------------------------------------------------
---------------------------------------------------------------------------------
Start Handling Custom Attributes
---------------------------------------------------------------------------------
---------------------------------------------------------------------------------
Finished Handling Custom Attributes : Time (s): cpu = 00:00:36 ; elapsed = 00:00:39 . Memory (MB): peak = 2242.152 ; gain = 611.301 ; free physical = 631 ; free virtual = 893
---------------------------------------------------------------------------------
---------------------------------------------------------------------------------
Start Renaming Generated Nets
---------------------------------------------------------------------------------
---------------------------------------------------------------------------------
Finished Renaming Generated Nets : Time (s): cpu = 00:00:36 ; elapsed = 00:00:39 . Memory (MB): peak = 2242.152 ; gain = 611.301 ; free physical = 631 ; free virtual = 893
---------------------------------------------------------------------------------
---------------------------------------------------------------------------------
Start Writing Synthesis Report
---------------------------------------------------------------------------------

Report BlackBoxes: 
+-+--------------+----------+
| |BlackBox name |Instances |
+-+--------------+----------+
+-+--------------+----------+

Report Cell Usage: 
+------+-------+------+
|      |Cell   |Count |
+------+-------+------+
|1     |BUFG   |     1|
|2     |CARRY4 |    26|
|3     |LUT1   |    16|
|4     |LUT2   |    19|
|5     |LUT3   |     6|
|6     |LUT4   |    32|
|7     |LUT5   |    26|
|8     |LUT6   |    39|
|9     |FDRE   |   167|
|10    |FDSE   |     7|
|11    |IBUF   |     9|
|12    |OBUF   |    15|
+------+-------+------+
---------------------------------------------------------------------------------
Finished Writing Synthesis Report : Time (s): cpu = 00:00:36 ; elapsed = 00:00:39 . Memory (MB): peak = 2242.152 ; gain = 611.301 ; free physical = 631 ; free virtual = 893
---------------------------------------------------------------------------------
Synthesis finished with 0 errors, 0 critical warnings and 2 warnings.
Synthesis Optimization Runtime : Time (s): cpu = 00:00:34 ; elapsed = 00:00:37 . Memory (MB): peak = 2242.152 ; gain = 460.551 ; free physical = 631 ; free virtual = 893
Synthesis Optimization Complete : Time (s): cpu = 00:00:36 ; elapsed = 00:00:39 . Memory (MB): peak = 2242.152 ; gain = 611.301 ; free physical = 631 ; free virtual = 893
INFO: [Project 1-571] Translating synthesized netlist
Netlist sorting complete. Time (s): cpu = 00:00:00 ; elapsed = 00:00:00 . Memory (MB): peak = 2242.152 ; gain = 0.000 ; free physical = 631 ; free virtual = 893
INFO: [Netlist 29-17] Analyzing 26 Unisim elements for replacement
INFO: [Netlist 29-28] Unisim Transformation completed in 0 CPU seconds
INFO: [Project 1-570] Preparing netlist for logic optimization
INFO: [Opt 31-138] Pushed 0 inverter(s) to 0 load pin(s).
Netlist sorting complete. Time (s): cpu = 00:00:00.01 ; elapsed = 00:00:00 . Memory (MB): peak = 2242.152 ; gain = 0.000 ; free physical = 914 ; free virtual = 1176
INFO: [Project 1-111] Unisim Transformation Summary:
No Unisim elements were transformed.

Synth Design complete | Checksum: 244d4f76
INFO: [Common 17-83] Releasing license: Synthesis
52 Infos, 5 Warnings, 0 Critical Warnings and 0 Errors encountered.
synth_design completed successfully
synth_design: Time (s): cpu = 00:00:46 ; elapsed = 00:00:45 . Memory (MB): peak = 2242.152 ; gain = 895.465 ; free physical = 915 ; free virtual = 1176
INFO: [Common 17-2834] synth_design peak Physical Memory [PSS] (MB): overall = 1697.396; main = 1369.591; forked = 353.222
INFO: [Common 17-2834] synth_design peak Virtual Memory [VSS] (MB): overall = 3231.340; main = 2242.156; forked = 1021.199
INFO: [Common 17-1381] The checkpoint '/home/ubuntu/labs/GuessNum/GuessNum.runs/synth_1/Top.dcp' has been generated.
INFO: [runtcl-4] Executing : report_utilization -file Top_utilization_synth.rpt -pb Top_utilization_synth.pb
INFO: [Common 17-206] Exiting Vivado at Sat Dec  2 17:37:36 2023...
