INFO: [VRFC 10-2263] Analyzing Verilog file "/home/ubuntu/labs/GuessNum/GuessNum.srcs/sources_1/new/check.v" into library xil_defaultlib
INFO: [VRFC 10-311] analyzing module Check
INFO: [VRFC 10-2263] Analyzing Verilog file "/home/ubuntu/labs/GuessNum/GuessNum.srcs/sources_1/new/clock.v" into library xil_defaultlib
INFO: [VRFC 10-311] analyzing module Clock
INFO: [VRFC 10-2263] Analyzing Verilog file "/home/ubuntu/labs/GuessNum/GuessNum.srcs/sources_1/new/control.v" into library xil_defaultlib
INFO: [VRFC 10-311] analyzing module Control
INFO: [VRFC 10-2263] Analyzing Verilog file "/home/ubuntu/labs/GuessNum/GuessNum.srcs/sources_1/new/edge_capture.v" into library xil_defaultlib
INFO: [VRFC 10-311] analyzing module EdgeCapture
INFO: [VRFC 10-2263] Analyzing Verilog file "/home/ubuntu/labs/GuessNum/GuessNum.srcs/sources_1/new/led.v" into library xil_defaultlib
INFO: [VRFC 10-311] analyzing module FLOW_LED
INFO: [VRFC 10-2263] Analyzing Verilog file "/home/ubuntu/labs/GuessNum/GuessNum.srcs/sources_1/new/mux4.v" into library xil_defaultlib
INFO: [VRFC 10-311] analyzing module MUX4
INFO: [VRFC 10-2263] Analyzing Verilog file "/home/ubuntu/labs/GuessNum/GuessNum.srcs/sources_1/new/segment.v" into library xil_defaultlib
INFO: [VRFC 10-311] analyzing module Segment
INFO: [VRFC 10-2263] Analyzing Verilog file "/home/ubuntu/labs/GuessNum/GuessNum.srcs/sources_1/new/shift_reg.v" into library xil_defaultlib
INFO: [VRFC 10-311] analyzing module ShiftReg
INFO: [VRFC 10-2263] Analyzing Verilog file "/home/ubuntu/labs/GuessNum/GuessNum.srcs/sources_1/new/sw_input.v" into library xil_defaultlib
INFO: [VRFC 10-311] analyzing module Input
INFO: [VRFC 10-2263] Analyzing Verilog file "/home/ubuntu/labs/GuessNum/GuessNum.srcs/sources_1/new/timer.v" into library xil_defaultlib
INFO: [VRFC 10-311] analyzing module Timer
INFO: [VRFC 10-2263] Analyzing Verilog file "/home/ubuntu/labs/GuessNum/GuessNum.srcs/sources_1/new/top.v" into library xil_defaultlib
INFO: [VRFC 10-311] analyzing module Top
INFO: [VRFC 10-2263] Analyzing Verilog file "/home/ubuntu/labs/GuessNum/GuessNum.srcs/sim_1/new/top_tb.v" into library xil_defaultlib
INFO: [VRFC 10-311] analyzing module Top_tb
